0 info it worked if it ends with ok
1 verbose cli [ '/usr/bin/nodejs', '/usr/bin/npm', 'install', '--save', 'os' ]
2 info using npm@1.3.10
3 info using node@v0.10.25
4 warn package.json sys@0.0.1 No repository field.
5 verbose readDependencies using package.json deps
6 verbose cache add [ 'os', null ]
7 verbose cache add name=undefined spec="os" args=["os",null]
8 verbose parsed url { protocol: null,
8 verbose parsed url   slashes: null,
8 verbose parsed url   auth: null,
8 verbose parsed url   host: null,
8 verbose parsed url   port: null,
8 verbose parsed url   hostname: null,
8 verbose parsed url   hash: null,
8 verbose parsed url   search: null,
8 verbose parsed url   query: null,
8 verbose parsed url   pathname: 'os',
8 verbose parsed url   path: 'os',
8 verbose parsed url   href: 'os' }
9 silly lockFile 999a3419-os os
10 verbose lock os /home/ubuntu/.npm/999a3419-os.lock
11 silly lockFile 999a3419-os os
12 silly lockFile 999a3419-os os
13 verbose addNamed [ 'os', '' ]
14 verbose addNamed [ null, '*' ]
15 silly lockFile 46c56d42-os os@
16 verbose lock os@ /home/ubuntu/.npm/46c56d42-os.lock
17 silly addNameRange { name: 'os', range: '*', hasData: false }
18 verbose url raw os
19 verbose url resolving [ 'https://registry.npmjs.org/', './os' ]
20 verbose url resolved https://registry.npmjs.org/os
21 info trying registry request attempt 1 at 06:11:14
22 http GET https://registry.npmjs.org/os
23 http 404 https://registry.npmjs.org/os
24 error TypeError: Cannot call method 'match' of undefined
24 error     at RegClient.<anonymous> (/usr/share/npm/node_modules/npm-registry-client/lib/request.js:119:29)
24 error     at cb (/usr/share/npm/node_modules/npm-registry-client/lib/request.js:158:9)
24 error     at RegClient.<anonymous> (/usr/share/npm/node_modules/npm-registry-client/lib/request.js:252:14)
24 error     at Request.self.callback (/usr/lib/nodejs/request/index.js:148:22)
24 error     at Request.EventEmitter.emit (events.js:98:17)
24 error     at Request.<anonymous> (/usr/lib/nodejs/request/index.js:896:14)
24 error     at Request.EventEmitter.emit (events.js:117:20)
24 error     at IncomingMessage.<anonymous> (/usr/lib/nodejs/request/index.js:847:12)
24 error     at IncomingMessage.EventEmitter.emit (events.js:117:20)
24 error     at _stream_readable.js:920:16
25 error If you need help, you may report this log at:
25 error     <http://github.com/isaacs/npm/issues>
25 error or email it to:
25 error     <npm-@googlegroups.com>
26 error System Linux 3.13.0-44-generic
27 error command "/usr/bin/nodejs" "/usr/bin/npm" "install" "--save" "os"
28 error cwd /home/ubuntu/mem/memOCR
29 error node -v v0.10.25
30 error npm -v 1.3.10
31 error type non_object_property_call
32 verbose exit [ 1, true ]
